<?xml version="1.0" encoding="UTF-8"?>
<!-- Generated by org.testng.reporters.JUnitXMLReporter -->
<testsuite ignored="0" hostname="DESKTOP-VI5KCQR" failures="0" tests="4" name="Test" time="0.09" errors="0" timestamp="2020-06-12T16:11:24 CDT">
  <testcase classname="Qaclickacademy.Mavenjava1.AppiumTest" name="IOSApps" time="0.013"/>
  <testcase classname="Qaclickacademy.Mavenjava1.AppiumTest" name="NativeAppAndroid" time="0.003"/>
  <testcase classname="Qaclickacademy.Mavenjava1.SeleniumTest" name="BrowserAutomation" time="0.002"/>
  <testcase classname="Qaclickacademy.Mavenjava1.SeleniumTest" name="ElementsUi" time="0.001"/>
</testsuite> <!-- Test -->
