<?xml version="1.0" encoding="UTF-8"?>
<!-- Generated by org.testng.reporters.JUnitXMLReporter -->
<testsuite ignored="0" hostname="DESKTOP-VI5KCQR" failures="0" tests="6" name="Command line test" time="0.085" errors="0" timestamp="2020-06-07T23:53:19 CDT">
  <testcase classname="Qaclickacademy.Mavenjava1.AppiumTest" name="IOSApps" time="0.015"/>
  <testcase classname="Qaclickacademy.Mavenjava1.AppiumTest" name="NativeAppAndroid" time="0.0"/>
  <testcase classname="Qaclickacademy.Mavenjava1.RestAPITest" name="deleteTwitter" time="0.0"/>
  <testcase classname="Qaclickacademy.Mavenjava1.RestAPITest" name="postjira" time="0.0"/>
  <testcase classname="Qaclickacademy.Mavenjava1.SeleniumTest" name="BrowserAutomation" time="0.0"/>
  <testcase classname="Qaclickacademy.Mavenjava1.SeleniumTest" name="ElementsUi" time="0.0"/>
</testsuite> <!-- Command line test -->
