<?xml version="1.0" encoding="UTF-8" ?>
<testsuite tests="6" failures="0" name="TestSuite" time="0" errors="0" skipped="0">
  <properties>
[...]
</properties>
  <testcase classname="Qaclickacademy.Mavenjava1.AppiumTest" name="IOSApps" time="0"/>
  <testcase classname="Qaclickacademy.Mavenjava1.AppiumTest" name="NativeAppAndroid" time="0"/>
  <testcase classname="Qaclickacademy.Mavenjava1.RestAPITest" name="deleteTwitter" time="0"/>
  <testcase classname="Qaclickacademy.Mavenjava1.RestAPITest" name="postjira" time="0"/>
  <testcase classname="Qaclickacademy.Mavenjava1.SeleniumTest" name="BrowserAutomation" time="0"/>
  <testcase classname="Qaclickacademy.Mavenjava1.SeleniumTest" name="ElementsUi" time="0"/>
</testsuite>