<?xml version="1.0" encoding="UTF-8"?>
<testng-results ignored="0" total="2" passed="2" failed="0" skipped="0">
  <reporter-output>
  </reporter-output>
  <suite started-at="2020-06-07T23:53:58 CDT" name="Qaclickacademy.Mavenjava1.AppiumTest" finished-at="2020-06-07T23:53:58 CDT" duration-ms="69">
    <groups>
    </groups>
    <test started-at="2020-06-07T23:53:58 CDT" name="Command line test" finished-at="2020-06-07T23:53:58 CDT" duration-ms="69">
      <class name="Qaclickacademy.Mavenjava1.AppiumTest">
        <test-method signature="IOSApps()[pri:0, instance:Qaclickacademy.Mavenjava1.AppiumTest@2473b9ce]" started-at="2020-06-07T23:53:58 CDT" name="IOSApps" finished-at="2020-06-07T23:53:58 CDT" duration-ms="7" status="PASS">
          <reporter-output>
          </reporter-output>
        </test-method> <!-- IOSApps -->
        <test-method signature="NativeAppAndroid()[pri:0, instance:Qaclickacademy.Mavenjava1.AppiumTest@2473b9ce]" started-at="2020-06-07T23:53:58 CDT" name="NativeAppAndroid" finished-at="2020-06-07T23:53:58 CDT" duration-ms="0" status="PASS">
          <reporter-output>
          </reporter-output>
        </test-method> <!-- NativeAppAndroid -->
      </class> <!-- Qaclickacademy.Mavenjava1.AppiumTest -->
    </test> <!-- Command line test -->
  </suite> <!-- Qaclickacademy.Mavenjava1.AppiumTest -->
</testng-results>
